<?xml version="1.0" encoding="UTF-8"?>
<robot generator="Robot 7.1 (Python 3.12.5 on linux)" generated="2024-10-09T12:16:00.435863" rpa="false" schemaversion="5">
<suite id="s1" name="Test" source="/home/tonik/Desktop/Testudo/test">
<suite id="s1-s1" name="Testudo Smoke" source="/home/tonik/Desktop/Testudo/test/testudo_smoke.robot">
<test id="s1-s1-t1" name="Testudo App Smoke testi" line="6">
<kw name="Log" owner="BuiltIn">
<msg time="2024-10-09T12:16:00.490968" level="INFO">:0</msg>
<arg>%{DISPLAY}</arg>
<doc>Logs the given message with the given level.</doc>
<status status="PASS" start="2024-10-09T12:16:00.490850" elapsed="0.000154"/>
</kw>
<kw name="Avaa selain">
<kw name="Open Browser" owner="SeleniumLibrary">
<msg time="2024-10-09T12:16:00.491426" level="INFO">Opening browser 'headlesschrome' to base url 'http://localhost:5000'.</msg>
<arg>http://localhost:5000</arg>
<arg>headlesschrome</arg>
<doc>Opens a new browser instance to the optional ``url``.</doc>
<status status="PASS" start="2024-10-09T12:16:00.491327" elapsed="0.698059"/>
</kw>
<kw name="Maximize Browser Window" owner="SeleniumLibrary">
<doc>Maximizes current browser window.</doc>
<status status="PASS" start="2024-10-09T12:16:01.189734" elapsed="0.021590"/>
</kw>
<status status="PASS" start="2024-10-09T12:16:00.491153" elapsed="0.720428"/>
</kw>
<kw name="Kirjaudu Testudoon">
<kw name="Input Text" owner="SeleniumLibrary">
<msg time="2024-10-09T12:16:01.213340" level="INFO">Typing text 'Admin' into text field 'id=inputUser'.</msg>
<arg>id=inputUser</arg>
<arg>Admin</arg>
<doc>Types the given ``text`` into the text field identified by ``locator``.</doc>
<status status="PASS" start="2024-10-09T12:16:01.212688" elapsed="0.063404"/>
</kw>
<kw name="Input Text" owner="SeleniumLibrary">
<msg time="2024-10-09T12:16:01.276393" level="INFO">Typing text 'joulupukki7' into text field 'id=inputPassword'.</msg>
<arg>id=inputPassword</arg>
<arg>%{TESTUDO_ADMIN_PASSWORD}</arg>
<doc>Types the given ``text`` into the text field identified by ``locator``.</doc>
<status status="PASS" start="2024-10-09T12:16:01.276230" elapsed="0.022479"/>
</kw>
<kw name="Click Button" owner="SeleniumLibrary">
<msg time="2024-10-09T12:16:01.298939" level="INFO">Clicking button 'id=submit-button'.</msg>
<arg>id=submit-button</arg>
<doc>Clicks the button identified by ``locator``.</doc>
<status status="PASS" start="2024-10-09T12:16:01.298825" elapsed="0.017804"/>
</kw>
<kw name="Sleep" owner="BuiltIn">
<msg time="2024-10-09T12:16:02.317210" level="INFO">Slept 1 second.</msg>
<arg>1s</arg>
<doc>Pauses the test executed for the given time.</doc>
<status status="PASS" start="2024-10-09T12:16:01.316745" elapsed="1.000795"/>
</kw>
<status status="PASS" start="2024-10-09T12:16:01.212088" elapsed="1.105838"/>
</kw>
<kw name="Valitse Home välilehti">
<kw name="Click Link" owner="SeleniumLibrary">
<msg time="2024-10-09T12:16:02.320455" level="INFO">Clicking link '//*[@id="root"]/div/div[1]/nav/div/ul/li[2]/a'.</msg>
<arg>//*[@id="root"]/div/div[1]/nav/div/ul/li[2]/a</arg>
<doc>Clicks a link identified by ``locator``.</doc>
<status status="PASS" start="2024-10-09T12:16:02.319842" elapsed="0.092629"/>
</kw>
<kw name="Sleep" owner="BuiltIn">
<msg time="2024-10-09T12:16:03.413089" level="INFO">Slept 1 second.</msg>
<arg>1s</arg>
<doc>Pauses the test executed for the given time.</doc>
<status status="PASS" start="2024-10-09T12:16:02.412661" elapsed="1.000692"/>
</kw>
<status status="PASS" start="2024-10-09T12:16:02.318676" elapsed="1.094923"/>
</kw>
<status status="PASS" start="2024-10-09T12:16:00.490441" elapsed="2.923562"/>
</test>
<status status="PASS" start="2024-10-09T12:16:00.446169" elapsed="2.968700"/>
</suite>
<status status="PASS" start="2024-10-09T12:16:00.436321" elapsed="2.979484"/>
</suite>
<statistics>
<total>
<stat pass="1" fail="0" skip="0">All Tests</stat>
</total>
<tag>
</tag>
<suite>
<stat pass="1" fail="0" skip="0" id="s1" name="Test">Test</stat>
<stat pass="1" fail="0" skip="0" id="s1-s1" name="Testudo Smoke">Test.Testudo Smoke</stat>
</suite>
</statistics>
<errors>
</errors>
</robot>
